<?xml version="1.0" encoding="UTF-8"?>
<robot generator="Robot 3.2.2 (Python 3.8.5 on linux)" generated="20210210 10:49:06.784" rpa="false">
<suite id="s1" name="createWaybill" source="/home/yazan/Desktop/MinagateRobot/senarios/createWaybill.robot">
<test id="s1-t1" name="createTenderClaim">
<kw name="Call Method" library="BuiltIn">
<doc>Calls the named method of the given object with the provided arguments.</doc>
<arguments>
<arg>${createTenderClaimClass}</arg>
<arg>createTenderClaim</arg>
</arguments>
<assign>
<var>${createTenderClaimRes}</var>
</assign>
<msg timestamp="20210210 10:49:07.539" level="INFO">${createTenderClaimRes} = {'ERRORCODE': '0', 'MESSAGE': 'TENDER_CLAIM.SUCCESSFUL_OPERATION'}</msg>
<status status="PASS" starttime="20210210 10:49:06.951" endtime="20210210 10:49:07.540"></status>
</kw>
<kw name="Log To Console" library="BuiltIn">
<doc>Logs the given message to the console.</doc>
<arguments>
<arg>${createTenderClaimRes}</arg>
</arguments>
<status status="PASS" starttime="20210210 10:49:07.540" endtime="20210210 10:49:07.542"></status>
</kw>
<kw name="Run Keyword If" library="BuiltIn">
<doc>Runs the given keyword with the given arguments, if ``condition`` is true.</doc>
<arguments>
<arg>${createTenderClaimRes} == {'ERRORCODE': '0', 'MESSAGE': 'TENDER_CLAIM.SUCCESSFUL_OPERATION'}</arg>
<arg>Log To Console</arg>
<arg>Done</arg>
<arg>ELSE</arg>
<arg>Log To Console</arg>
<arg>Fail</arg>
</arguments>
<kw name="Log To Console" library="BuiltIn">
<doc>Logs the given message to the console.</doc>
<arguments>
<arg>Done</arg>
</arguments>
<status status="PASS" starttime="20210210 10:49:07.545" endtime="20210210 10:49:07.546"></status>
</kw>
<status status="PASS" starttime="20210210 10:49:07.543" endtime="20210210 10:49:07.547"></status>
</kw>
<kw name="Log To Console" library="BuiltIn">
<doc>Logs the given message to the console.</doc>
<arguments>
<arg>${createTenderClaimRes}</arg>
</arguments>
<status status="PASS" starttime="20210210 10:49:07.548" endtime="20210210 10:49:07.549"></status>
</kw>
<status status="PASS" starttime="20210210 10:49:06.950" endtime="20210210 10:49:07.550" critical="yes"></status>
</test>
<status status="PASS" starttime="20210210 10:49:06.785" endtime="20210210 10:49:07.554"></status>
</suite>
<statistics>
<total>
<stat pass="1" fail="0">Critical Tests</stat>
<stat pass="1" fail="0">All Tests</stat>
</total>
<tag>
</tag>
<suite>
<stat pass="1" fail="0" id="s1" name="createWaybill">createWaybill</stat>
</suite>
</statistics>
<errors>
</errors>
</robot>
