<?xml version="1.0" encoding="UTF-8"?>
<robot generator="Robot 3.2.2 (Python 3.8.5 on linux)" generated="20210204 09:56:23.773" rpa="false">
<suite id="s1" name="Myfile" source="/home/yazan/Desktop/Minagate Robot/myfile.robot">
<test id="s1-t1" name="Login">
<kw name="Call Method" library="BuiltIn">
<doc>Calls the named method of the given object with the provided arguments.</doc>
<arguments>
<arg>${LoginValue}</arg>
<arg>getEmail</arg>
</arguments>
<assign>
<var>${email}</var>
</assign>
<msg timestamp="20210204 09:56:24.809" level="INFO">${email} = yazan.jamal@minagate.com</msg>
<status status="PASS" starttime="20210204 09:56:24.809" endtime="20210204 09:56:24.809"></status>
</kw>
<kw name="Call Method" library="BuiltIn">
<doc>Calls the named method of the given object with the provided arguments.</doc>
<arguments>
<arg>${LoginValue}</arg>
<arg>getPassword</arg>
</arguments>
<assign>
<var>${password}</var>
</assign>
<msg timestamp="20210204 09:56:24.810" level="INFO">${password} = 9951030795</msg>
<status status="PASS" starttime="20210204 09:56:24.809" endtime="20210204 09:56:24.810"></status>
</kw>
<kw name="Login" library="navigation">
<arguments>
<arg>${email}</arg>
<arg>${password}</arg>
</arguments>
<kw name="Comment" library="BuiltIn">
<doc>Displays the given messages in the log file as keyword arguments.</doc>
<arguments>
<arg>login into the system!</arg>
</arguments>
<status status="PASS" starttime="20210204 09:56:24.811" endtime="20210204 09:56:24.811"></status>
</kw>
<kw name="Close All Browsers" library="SeleniumLibrary">
<doc>Closes all open browsers and resets the browser cache.</doc>
<status status="PASS" starttime="20210204 09:56:24.811" endtime="20210204 09:56:24.812"></status>
</kw>
<kw name="Open Browser" library="SeleniumLibrary">
<doc>Opens a new browser instance to the optional ``url``.</doc>
<arguments>
<arg>${backend_url}</arg>
<arg>${browser}</arg>
</arguments>
<msg timestamp="20210204 09:56:24.812" level="INFO">Opening browser 'firefox' to base url 'http://localhost:2202/#/homePage'.</msg>
<msg timestamp="20210204 09:56:24.813" level="INFO">Firefox driver log is always forced to to: /home/yazan/Desktop/Minagate Robot/geckodriver-6.log</msg>
<status status="PASS" starttime="20210204 09:56:24.812" endtime="20210204 09:56:32.646"></status>
</kw>
<kw name="Maximize Browser Window" library="SeleniumLibrary">
<doc>Maximizes current browser window.</doc>
<status status="PASS" starttime="20210204 09:56:32.647" endtime="20210204 09:56:33.898"></status>
</kw>
<kw name="Wait Until Element Is Visible" library="SeleniumLibrary">
<doc>Waits until the element ``locator`` is visible.</doc>
<arguments>
<arg>//*[@id="smartadmin-root"]/div/div[2]/div[1]/div/div/nav/div[3]/ul/li[1]</arg>
</arguments>
<status status="PASS" starttime="20210204 09:56:33.899" endtime="20210204 09:56:38.006"></status>
</kw>
<kw name="Click Element" library="SeleniumLibrary">
<doc>Click the element identified by ``locator``.</doc>
<arguments>
<arg>//*[@id="smartadmin-root"]/div/div[2]/div[1]/div/div/nav/div[3]/ul/li[1]</arg>
</arguments>
<msg timestamp="20210204 09:56:38.007" level="INFO">Clicking element '//*[@id="smartadmin-root"]/div/div[2]/div[1]/div/div/nav/div[3]/ul/li[1]'.</msg>
<status status="PASS" starttime="20210204 09:56:38.006" endtime="20210204 09:56:38.727"></status>
</kw>
<kw name="Wait Until Element Is Visible" library="SeleniumLibrary">
<doc>Waits until the element ``locator`` is visible.</doc>
<arguments>
<arg>//*[@id="firebaseui-auth-container"]/div/div/form/ul/li[2]/button</arg>
</arguments>
<status status="PASS" starttime="20210204 09:56:38.727" endtime="20210204 09:56:39.638"></status>
</kw>
<kw name="Click Element" library="SeleniumLibrary">
<doc>Click the element identified by ``locator``.</doc>
<arguments>
<arg>//*[@id="firebaseui-auth-container"]/div/div/form/ul/li[2]/button</arg>
</arguments>
<msg timestamp="20210204 09:56:39.639" level="INFO">Clicking element '//*[@id="firebaseui-auth-container"]/div/div/form/ul/li[2]/button'.</msg>
<status status="PASS" starttime="20210204 09:56:39.639" endtime="20210204 09:56:40.092"></status>
</kw>
<kw name="Switch Window" library="SeleniumLibrary">
<doc>Switches to browser window matching ``locator``.</doc>
<arguments>
<arg>locator=NEW</arg>
</arguments>
<status status="PASS" starttime="20210204 09:56:40.092" endtime="20210204 09:56:40.104"></status>
</kw>
<kw name="Wait Until Element Is Visible" library="SeleniumLibrary">
<doc>Waits until the element ``locator`` is visible.</doc>
<arguments>
<arg>//*[@id="identifierId"]</arg>
</arguments>
<status status="PASS" starttime="20210204 09:56:40.104" endtime="20210204 09:56:42.768"></status>
</kw>
<kw name="Input Text" library="SeleniumLibrary">
<doc>Types the given ``text`` into the text field identified by ``locator``.</doc>
<arguments>
<arg>//*[@id="identifierId"]</arg>
<arg>${user_name}</arg>
</arguments>
<msg timestamp="20210204 09:56:42.768" level="INFO">Typing text 'yazan.jamal@minagate.com' into text field '//*[@id="identifierId"]'.</msg>
<status status="PASS" starttime="20210204 09:56:42.768" endtime="20210204 09:56:42.813"></status>
</kw>
<kw name="Click Button" library="SeleniumLibrary">
<doc>Clicks the button identified by ``locator``.</doc>
<arguments>
<arg>//*[@id="identifierNext"]/div/button</arg>
</arguments>
<msg timestamp="20210204 09:56:42.813" level="INFO">Clicking button '//*[@id="identifierNext"]/div/button'.</msg>
<status status="PASS" starttime="20210204 09:56:42.813" endtime="20210204 09:56:43.289"></status>
</kw>
<kw name="Wait Until Element Is Visible" library="SeleniumLibrary">
<doc>Waits until the element ``locator`` is visible.</doc>
<arguments>
<arg>//*[@id="passwordNext"]/div/button/div[1]</arg>
</arguments>
<status status="PASS" starttime="20210204 09:56:43.289" endtime="20210204 09:56:44.534"></status>
</kw>
<kw name="Wait Until Element Is Visible" library="SeleniumLibrary">
<doc>Waits until the element ``locator`` is visible.</doc>
<arguments>
<arg>//*[@id="password"]/div[1]/div/div[1]/input</arg>
</arguments>
<status status="PASS" starttime="20210204 09:56:44.534" endtime="20210204 09:56:44.654"></status>
</kw>
<kw name="Input Text" library="SeleniumLibrary">
<doc>Types the given ``text`` into the text field identified by ``locator``.</doc>
<arguments>
<arg>//*[@id="password"]/div[1]/div/div[1]/input</arg>
<arg>${password}</arg>
</arguments>
<msg timestamp="20210204 09:56:44.655" level="INFO">Typing text '9951030795' into text field '//*[@id="password"]/div[1]/div/div[1]/input'.</msg>
<status status="PASS" starttime="20210204 09:56:44.654" endtime="20210204 09:56:44.723"></status>
</kw>
<kw name="Wait Until Element Is Enabled" library="SeleniumLibrary">
<doc>Waits until the element ``locator`` is enabled.</doc>
<arguments>
<arg>//*[@id="passwordNext"]/div/button</arg>
</arguments>
<status status="PASS" starttime="20210204 09:56:44.723" endtime="20210204 09:56:44.747"></status>
</kw>
<kw name="Click Button" library="SeleniumLibrary">
<doc>Clicks the button identified by ``locator``.</doc>
<arguments>
<arg>//*[@id="passwordNext"]/div/button</arg>
</arguments>
<msg timestamp="20210204 09:56:44.748" level="INFO">Clicking button '//*[@id="passwordNext"]/div/button'.</msg>
<status status="PASS" starttime="20210204 09:56:44.747" endtime="20210204 09:56:47.123"></status>
</kw>
<kw name="Switch Window" library="SeleniumLibrary">
<doc>Switches to browser window matching ``locator``.</doc>
<arguments>
<arg>MAIN</arg>
</arguments>
<status status="PASS" starttime="20210204 09:56:47.123" endtime="20210204 09:56:47.136"></status>
</kw>
<status status="PASS" starttime="20210204 09:56:24.810" endtime="20210204 09:56:47.136"></status>
</kw>
<kw name="Switch Window" library="SeleniumLibrary">
<doc>Switches to browser window matching ``locator``.</doc>
<arguments>
<arg>MAIN</arg>
</arguments>
<status status="PASS" starttime="20210204 09:56:47.136" endtime="20210204 09:56:47.148"></status>
</kw>
<kw name="Navigate to screen" library="navigation">
<arguments>
<arg>"المطالبات المالية"</arg>
</arguments>
<kw name="Wait Until Element Is Visible" library="SeleniumLibrary">
<doc>Waits until the element ``locator`` is visible.</doc>
<arguments>
<arg>//*[contains(text(), ${screen_name})]</arg>
</arguments>
<status status="PASS" starttime="20210204 09:56:47.149" endtime="20210204 09:56:52.900"></status>
</kw>
<kw name="Click Element" library="SeleniumLibrary">
<doc>Click the element identified by ``locator``.</doc>
<arguments>
<arg>//*[contains(text(), ${screen_name})]</arg>
</arguments>
<msg timestamp="20210204 09:56:52.900" level="INFO">Clicking element '//*[contains(text(), "المطالبات المالية")]'.</msg>
<status status="PASS" starttime="20210204 09:56:52.900" endtime="20210204 09:56:52.937"></status>
</kw>
<status status="PASS" starttime="20210204 09:56:47.148" endtime="20210204 09:56:52.938"></status>
</kw>
<kw name="Sleep" library="BuiltIn">
<doc>Pauses the test executed for the given time.</doc>
<arguments>
<arg>3 seconds</arg>
</arguments>
<msg timestamp="20210204 09:56:55.939" level="INFO">Slept 3 seconds</msg>
<status status="PASS" starttime="20210204 09:56:52.938" endtime="20210204 09:56:55.940"></status>
</kw>
<kw name="Wait Until Element Is Visible" library="SeleniumLibrary">
<doc>Waits until the element ``locator`` is visible.</doc>
<arguments>
<arg>//*[@id="AR_edit"]</arg>
</arguments>
<status status="PASS" starttime="20210204 09:56:55.941" endtime="20210204 09:56:55.984"></status>
</kw>
<kw name="Click Element" library="SeleniumLibrary">
<doc>Click the element identified by ``locator``.</doc>
<arguments>
<arg>//*[@id="AR_edit"]</arg>
</arguments>
<msg timestamp="20210204 09:56:55.985" level="INFO">Clicking element '//*[@id="AR_edit"]'.</msg>
<status status="PASS" starttime="20210204 09:56:55.985" endtime="20210204 09:56:56.302"></status>
</kw>
<kw name="Sleep" library="BuiltIn">
<doc>Pauses the test executed for the given time.</doc>
<arguments>
<arg>1 seconds</arg>
</arguments>
<msg timestamp="20210204 09:56:57.303" level="INFO">Slept 1 second</msg>
<status status="PASS" starttime="20210204 09:56:56.302" endtime="20210204 09:56:57.303"></status>
</kw>
<status status="PASS" starttime="20210204 09:56:24.808" endtime="20210204 09:56:57.304" critical="yes"></status>
</test>
<test id="s1-t2" name="Create Items1">
<kw name="Set Variable" library="BuiltIn">
<doc>Returns the given values which can then be assigned to a variables.</doc>
<arguments>
<arg>2120003254</arg>
</arguments>
<assign>
<var>${WN}</var>
</assign>
<msg timestamp="20210204 09:56:57.309" level="INFO">${WN} = 2120003254</msg>
<status status="PASS" starttime="20210204 09:56:57.308" endtime="20210204 09:56:57.309"></status>
</kw>
<kw name="Call Method" library="BuiltIn">
<doc>Calls the named method of the given object with the provided arguments.</doc>
<arguments>
<arg>${CreateItems}</arg>
<arg>getTenderId</arg>
</arguments>
<assign>
<var>${tenderId}</var>
</assign>
<msg timestamp="20210204 09:56:57.309" level="INFO">${tenderId} = "13"</msg>
<status status="PASS" starttime="20210204 09:56:57.309" endtime="20210204 09:56:57.309"></status>
</kw>
<kw name="Call Method" library="BuiltIn">
<doc>Calls the named method of the given object with the provided arguments.</doc>
<arguments>
<arg>${CreateItems}</arg>
<arg>getPaymentAgentId</arg>
</arguments>
<assign>
<var>${paymentAgentId}</var>
</assign>
<msg timestamp="20210204 09:56:57.310" level="INFO">${paymentAgentId} = '37'</msg>
<status status="PASS" starttime="20210204 09:56:57.309" endtime="20210204 09:56:57.310"></status>
</kw>
<kw name="Call Method" library="BuiltIn">
<doc>Calls the named method of the given object with the provided arguments.</doc>
<arguments>
<arg>${CreateItems}</arg>
<arg>getDestination</arg>
</arguments>
<assign>
<var>${destination}</var>
</assign>
<msg timestamp="20210204 09:56:57.310" level="INFO">${destination} = 91010025</msg>
<status status="PASS" starttime="20210204 09:56:57.310" endtime="20210204 09:56:57.310"></status>
</kw>
<kw name="Call Method" library="BuiltIn">
<doc>Calls the named method of the given object with the provided arguments.</doc>
<arguments>
<arg>${CreateItems}</arg>
<arg>getLoadingWeight</arg>
</arguments>
<assign>
<var>${loadingWeight}</var>
</assign>
<msg timestamp="20210204 09:56:57.311" level="INFO">${loadingWeight} = 49447</msg>
<status status="PASS" starttime="20210204 09:56:57.310" endtime="20210204 09:56:57.311"></status>
</kw>
<kw name="Call Method" library="BuiltIn">
<doc>Calls the named method of the given object with the provided arguments.</doc>
<arguments>
<arg>${CreateItems}</arg>
<arg>getDischargeWeight</arg>
</arguments>
<assign>
<var>${dischargeWeight}</var>
</assign>
<msg timestamp="20210204 09:56:57.311" level="INFO">${dischargeWeight} = 53911</msg>
<status status="PASS" starttime="20210204 09:56:57.311" endtime="20210204 09:56:57.311"></status>
</kw>
<kw name="Call Method" library="BuiltIn">
<doc>Calls the named method of the given object with the provided arguments.</doc>
<arguments>
<arg>${CreateItems}</arg>
<arg>getLoadingTimeStamp</arg>
</arguments>
<assign>
<var>${loadingTimeStamp}</var>
</assign>
<msg timestamp="20210204 09:56:57.314" level="INFO">${loadingTimeStamp} = 2021/01/16</msg>
<status status="PASS" starttime="20210204 09:56:57.311" endtime="20210204 09:56:57.315"></status>
</kw>
<kw name="Call Method" library="BuiltIn">
<doc>Calls the named method of the given object with the provided arguments.</doc>
<arguments>
<arg>${CreateItems}</arg>
<arg>getArrivalTimeStamp</arg>
</arguments>
<assign>
<var>${arrivalTimeStamp}</var>
</assign>
<msg timestamp="20210204 09:56:57.315" level="INFO">${arrivalTimeStamp} = 2021/01/19</msg>
<status status="PASS" starttime="20210204 09:56:57.315" endtime="20210204 09:56:57.315"></status>
</kw>
<kw name="Call Method" library="BuiltIn">
<doc>Calls the named method of the given object with the provided arguments.</doc>
<arguments>
<arg>${CreateItems}</arg>
<arg>getDischargeTimeStamp</arg>
</arguments>
<assign>
<var>${dischargeTimeStamp}</var>
</assign>
<msg timestamp="20210204 09:56:57.316" level="INFO">${dischargeTimeStamp} = 2021/01/25</msg>
<status status="PASS" starttime="20210204 09:56:57.316" endtime="20210204 09:56:57.316"></status>
</kw>
<kw name="Call Method" library="BuiltIn">
<doc>Calls the named method of the given object with the provided arguments.</doc>
<arguments>
<arg>${CreateItems}</arg>
<arg>getAddButton</arg>
</arguments>
<assign>
<var>${AddButton}</var>
</assign>
<msg timestamp="20210204 09:56:57.317" level="INFO">${AddButton} = 'add'</msg>
<status status="PASS" starttime="20210204 09:56:57.316" endtime="20210204 09:56:57.317"></status>
</kw>
<kw name="Call Method" library="BuiltIn">
<doc>Calls the named method of the given object with the provided arguments.</doc>
<arguments>
<arg>${CreateItems}</arg>
<arg>getpolicyNumber</arg>
</arguments>
<assign>
<var>${policyNumber}</var>
</assign>
<msg timestamp="20210204 09:56:57.317" level="INFO">${policyNumber} = 123456798</msg>
<status status="PASS" starttime="20210204 09:56:57.317" endtime="20210204 09:56:57.317"></status>
</kw>
<kw name="Call Method" library="BuiltIn">
<doc>Calls the named method of the given object with the provided arguments.</doc>
<arguments>
<arg>${CreateItems}</arg>
<arg>getTenderOrigin</arg>
</arguments>
<assign>
<var>${tenderOrigin}</var>
</assign>
<msg timestamp="20210204 09:56:57.318" level="INFO">${tenderOrigin} = '91090000'</msg>
<status status="PASS" starttime="20210204 09:56:57.318" endtime="20210204 09:56:57.318"></status>
</kw>
<kw name="Create Items" library="createItems">
<arguments>
<arg>${tenderId}</arg>
<arg>${paymentAgentId}</arg>
<arg>${destination}</arg>
<arg>${WN}</arg>
<arg>${policyNumber}</arg>
<arg>${loadingWeight}</arg>
<arg>${dischargeWeight}</arg>
<arg>${loadingTimeStamp}</arg>
<arg>${arrivalTimeStamp}</arg>
<arg>${dischargeTimeStamp}</arg>
<arg>${tenderOrigin}</arg>
</arguments>
<kw name="MG_Select" library="ui">
<arguments>
<arg>'tenderId'</arg>
<arg>${tenderId}</arg>
</arguments>
<kw name="Wait Until Element Is Visible" library="SeleniumLibrary">
<doc>Waits until the element ``locator`` is visible.</doc>
<arguments>
<arg>//*[@id=${element_id}]</arg>
</arguments>
<status status="PASS" starttime="20210204 09:56:57.320" endtime="20210204 09:56:57.350"></status>
</kw>
<kw name="Click Element" library="SeleniumLibrary">
<doc>Click the element identified by ``locator``.</doc>
<arguments>
<arg>//*[@id=${element_id}]</arg>
</arguments>
<msg timestamp="20210204 09:56:57.351" level="INFO">Clicking element '//*[@id='tenderId']'.</msg>
<status status="PASS" starttime="20210204 09:56:57.350" endtime="20210204 09:56:57.602"></status>
</kw>
<kw name="Mouse Down" library="SeleniumLibrary">
<doc>Simulates pressing the left mouse button on the element ``locator``.</doc>
<arguments>
<arg>//*[@id=${element_id}]/option[@value=${option_value}]</arg>
</arguments>
<msg timestamp="20210204 09:56:57.604" level="INFO">Simulating Mouse Down on element '//*[@id='tenderId']/option[@value="13"]'.</msg>
<status status="PASS" starttime="20210204 09:56:57.602" endtime="20210204 09:56:57.933"></status>
</kw>
<kw name="Click Element" library="SeleniumLibrary">
<doc>Click the element identified by ``locator``.</doc>
<arguments>
<arg>//*[@id=${element_id}]/option[@value=${option_value}]</arg>
</arguments>
<msg timestamp="20210204 09:56:57.934" level="INFO">Clicking element '//*[@id='tenderId']/option[@value="13"]'.</msg>
<status status="PASS" starttime="20210204 09:56:57.933" endtime="20210204 09:56:58.205"></status>
</kw>
<status status="PASS" starttime="20210204 09:56:57.319" endtime="20210204 09:56:58.206"></status>
</kw>
<kw name="MG_Input" library="ui">
<arguments>
<arg>'WN'</arg>
<arg>${WN}</arg>
</arguments>
<kw name="Wait Until Element Is Visible" library="SeleniumLibrary">
<doc>Waits until the element ``locator`` is visible.</doc>
<arguments>
<arg>//*[@id=${element_id}]</arg>
</arguments>
<status status="PASS" starttime="20210204 09:56:58.209" endtime="20210204 09:56:58.269"></status>
</kw>
<kw name="Input Text" library="SeleniumLibrary">
<doc>Types the given ``text`` into the text field identified by ``locator``.</doc>
<arguments>
<arg>//*[@id=${element_id}]</arg>
<arg>${value}</arg>
</arguments>
<msg timestamp="20210204 09:56:58.270" level="INFO">Typing text '2120003254' into text field '//*[@id='WN']'.</msg>
<status status="PASS" starttime="20210204 09:56:58.269" endtime="20210204 09:56:58.415"></status>
</kw>
<status status="PASS" starttime="20210204 09:56:58.207" endtime="20210204 09:56:58.415"></status>
</kw>
<kw name="Press Keys" library="SeleniumLibrary">
<doc>Simulates the user pressing key(s) to an element or on the active browser.</doc>
<arguments>
<arg>//*[@id="WN"]</arg>
<arg>ENTER</arg>
</arguments>
<msg timestamp="20210204 09:56:58.416" level="INFO">Sending key(s) ('ENTER',) to //*[@id="WN"] element.</msg>
<msg timestamp="20210204 09:56:58.718" level="INFO">Pressing special key ENTER to element.</msg>
<msg timestamp="20210204 09:56:58.718" level="INFO">Releasing special key ENTER.</msg>
<status status="PASS" starttime="20210204 09:56:58.415" endtime="20210204 09:56:58.766"></status>
</kw>
<kw name="Sleep" library="BuiltIn">
<doc>Pauses the test executed for the given time.</doc>
<arguments>
<arg>1 seconds</arg>
</arguments>
<msg timestamp="20210204 09:56:59.768" level="INFO">Slept 1 second</msg>
<status status="PASS" starttime="20210204 09:56:58.767" endtime="20210204 09:56:59.768"></status>
</kw>
<kw name="MG_Select" library="ui">
<arguments>
<arg>'paymentAgentId'</arg>
<arg>${paymentAgentId}</arg>
</arguments>
<kw name="Wait Until Element Is Visible" library="SeleniumLibrary">
<doc>Waits until the element ``locator`` is visible.</doc>
<arguments>
<arg>//*[@id=${element_id}]</arg>
</arguments>
<status status="PASS" starttime="20210204 09:56:59.770" endtime="20210204 09:56:59.835"></status>
</kw>
<kw name="Click Element" library="SeleniumLibrary">
<doc>Click the element identified by ``locator``.</doc>
<arguments>
<arg>//*[@id=${element_id}]</arg>
</arguments>
<msg timestamp="20210204 09:56:59.835" level="INFO">Clicking element '//*[@id='paymentAgentId']'.</msg>
<status status="PASS" starttime="20210204 09:56:59.835" endtime="20210204 09:57:00.081"></status>
</kw>
<kw name="Mouse Down" library="SeleniumLibrary">
<doc>Simulates pressing the left mouse button on the element ``locator``.</doc>
<arguments>
<arg>//*[@id=${element_id}]/option[@value=${option_value}]</arg>
</arguments>
<msg timestamp="20210204 09:57:00.082" level="INFO">Simulating Mouse Down on element '//*[@id='paymentAgentId']/option[@value='37']'.</msg>
<status status="PASS" starttime="20210204 09:57:00.081" endtime="20210204 09:57:00.394"></status>
</kw>
<kw name="Click Element" library="SeleniumLibrary">
<doc>Click the element identified by ``locator``.</doc>
<arguments>
<arg>//*[@id=${element_id}]/option[@value=${option_value}]</arg>
</arguments>
<msg timestamp="20210204 09:57:00.395" level="INFO">Clicking element '//*[@id='paymentAgentId']/option[@value='37']'.</msg>
<status status="PASS" starttime="20210204 09:57:00.394" endtime="20210204 09:57:00.657"></status>
</kw>
<status status="PASS" starttime="20210204 09:56:59.769" endtime="20210204 09:57:00.657"></status>
</kw>
<kw name="MG_Select" library="ui">
<arguments>
<arg>'tenderOrigin'</arg>
<arg>${tenderOrigin}</arg>
</arguments>
<kw name="Wait Until Element Is Visible" library="SeleniumLibrary">
<doc>Waits until the element ``locator`` is visible.</doc>
<arguments>
<arg>//*[@id=${element_id}]</arg>
</arguments>
<status status="PASS" starttime="20210204 09:57:00.659" endtime="20210204 09:57:00.718"></status>
</kw>
<kw name="Click Element" library="SeleniumLibrary">
<doc>Click the element identified by ``locator``.</doc>
<arguments>
<arg>//*[@id=${element_id}]</arg>
</arguments>
<msg timestamp="20210204 09:57:00.718" level="INFO">Clicking element '//*[@id='tenderOrigin']'.</msg>
<status status="PASS" starttime="20210204 09:57:00.718" endtime="20210204 09:57:00.943"></status>
</kw>
<kw name="Mouse Down" library="SeleniumLibrary">
<doc>Simulates pressing the left mouse button on the element ``locator``.</doc>
<arguments>
<arg>//*[@id=${element_id}]/option[@value=${option_value}]</arg>
</arguments>
<msg timestamp="20210204 09:57:00.943" level="INFO">Simulating Mouse Down on element '//*[@id='tenderOrigin']/option[@value='91090000']'.</msg>
<status status="PASS" starttime="20210204 09:57:00.943" endtime="20210204 09:57:01.216"></status>
</kw>
<kw name="Click Element" library="SeleniumLibrary">
<doc>Click the element identified by ``locator``.</doc>
<arguments>
<arg>//*[@id=${element_id}]/option[@value=${option_value}]</arg>
</arguments>
<msg timestamp="20210204 09:57:01.218" level="INFO">Clicking element '//*[@id='tenderOrigin']/option[@value='91090000']'.</msg>
<status status="PASS" starttime="20210204 09:57:01.217" endtime="20210204 09:57:01.498"></status>
</kw>
<status status="PASS" starttime="20210204 09:57:00.658" endtime="20210204 09:57:01.498"></status>
</kw>
<kw name="MG_Select" library="ui">
<arguments>
<arg>'destination'</arg>
<arg>${destination}</arg>
</arguments>
<kw name="Wait Until Element Is Visible" library="SeleniumLibrary">
<doc>Waits until the element ``locator`` is visible.</doc>
<arguments>
<arg>//*[@id=${element_id}]</arg>
</arguments>
<status status="PASS" starttime="20210204 09:57:01.500" endtime="20210204 09:57:01.559"></status>
</kw>
<kw name="Click Element" library="SeleniumLibrary">
<doc>Click the element identified by ``locator``.</doc>
<arguments>
<arg>//*[@id=${element_id}]</arg>
</arguments>
<msg timestamp="20210204 09:57:01.560" level="INFO">Clicking element '//*[@id='destination']'.</msg>
<status status="PASS" starttime="20210204 09:57:01.560" endtime="20210204 09:57:01.805"></status>
</kw>
<kw name="Mouse Down" library="SeleniumLibrary">
<doc>Simulates pressing the left mouse button on the element ``locator``.</doc>
<arguments>
<arg>//*[@id=${element_id}]/option[@value=${option_value}]</arg>
</arguments>
<msg timestamp="20210204 09:57:01.806" level="INFO">Simulating Mouse Down on element '//*[@id='destination']/option[@value=91010025]'.</msg>
<status status="PASS" starttime="20210204 09:57:01.805" endtime="20210204 09:57:02.097"></status>
</kw>
<kw name="Click Element" library="SeleniumLibrary">
<doc>Click the element identified by ``locator``.</doc>
<arguments>
<arg>//*[@id=${element_id}]/option[@value=${option_value}]</arg>
</arguments>
<msg timestamp="20210204 09:57:02.098" level="INFO">Clicking element '//*[@id='destination']/option[@value=91010025]'.</msg>
<status status="PASS" starttime="20210204 09:57:02.097" endtime="20210204 09:57:02.347"></status>
</kw>
<status status="PASS" starttime="20210204 09:57:01.499" endtime="20210204 09:57:02.348"></status>
</kw>
<kw name="Log To Console" library="BuiltIn">
<doc>Logs the given message to the console.</doc>
<arguments>
<arg>${destination}</arg>
</arguments>
<status status="PASS" starttime="20210204 09:57:02.348" endtime="20210204 09:57:02.349"></status>
</kw>
<kw name="MG_Input" library="ui">
<arguments>
<arg>'policyNumber'</arg>
<arg>${policyNumber}</arg>
</arguments>
<kw name="Wait Until Element Is Visible" library="SeleniumLibrary">
<doc>Waits until the element ``locator`` is visible.</doc>
<arguments>
<arg>//*[@id=${element_id}]</arg>
</arguments>
<status status="PASS" starttime="20210204 09:57:02.351" endtime="20210204 09:57:02.396"></status>
</kw>
<kw name="Input Text" library="SeleniumLibrary">
<doc>Types the given ``text`` into the text field identified by ``locator``.</doc>
<arguments>
<arg>//*[@id=${element_id}]</arg>
<arg>${value}</arg>
</arguments>
<msg timestamp="20210204 09:57:02.397" level="INFO">Typing text '123456798' into text field '//*[@id='policyNumber']'.</msg>
<status status="PASS" starttime="20210204 09:57:02.396" endtime="20210204 09:57:02.544"></status>
</kw>
<status status="PASS" starttime="20210204 09:57:02.349" endtime="20210204 09:57:02.544"></status>
</kw>
<kw name="MG_Input" library="ui">
<arguments>
<arg>'loadingWeight'</arg>
<arg>${loadingWeight}</arg>
</arguments>
<kw name="Wait Until Element Is Visible" library="SeleniumLibrary">
<doc>Waits until the element ``locator`` is visible.</doc>
<arguments>
<arg>//*[@id=${element_id}]</arg>
</arguments>
<status status="PASS" starttime="20210204 09:57:02.545" endtime="20210204 09:57:02.565"></status>
</kw>
<kw name="Input Text" library="SeleniumLibrary">
<doc>Types the given ``text`` into the text field identified by ``locator``.</doc>
<arguments>
<arg>//*[@id=${element_id}]</arg>
<arg>${value}</arg>
</arguments>
<msg timestamp="20210204 09:57:02.566" level="INFO">Typing text '49447' into text field '//*[@id='loadingWeight']'.</msg>
<status status="PASS" starttime="20210204 09:57:02.565" endtime="20210204 09:57:02.650"></status>
</kw>
<status status="PASS" starttime="20210204 09:57:02.544" endtime="20210204 09:57:02.651"></status>
</kw>
<kw name="MG_Input" library="ui">
<arguments>
<arg>'dischargeWeight'</arg>
<arg>${dischargeWeight}</arg>
</arguments>
<kw name="Wait Until Element Is Visible" library="SeleniumLibrary">
<doc>Waits until the element ``locator`` is visible.</doc>
<arguments>
<arg>//*[@id=${element_id}]</arg>
</arguments>
<status status="PASS" starttime="20210204 09:57:02.651" endtime="20210204 09:57:02.672"></status>
</kw>
<kw name="Input Text" library="SeleniumLibrary">
<doc>Types the given ``text`` into the text field identified by ``locator``.</doc>
<arguments>
<arg>//*[@id=${element_id}]</arg>
<arg>${value}</arg>
</arguments>
<msg timestamp="20210204 09:57:02.673" level="INFO">Typing text '53911' into text field '//*[@id='dischargeWeight']'.</msg>
<status status="PASS" starttime="20210204 09:57:02.672" endtime="20210204 09:57:02.758"></status>
</kw>
<status status="PASS" starttime="20210204 09:57:02.651" endtime="20210204 09:57:02.758"></status>
</kw>
<kw name="MG_Input" library="ui">
<arguments>
<arg>'loadingTimeStamp'</arg>
<arg>${loadingTimeStamp}</arg>
</arguments>
<kw name="Wait Until Element Is Visible" library="SeleniumLibrary">
<doc>Waits until the element ``locator`` is visible.</doc>
<arguments>
<arg>//*[@id=${element_id}]</arg>
</arguments>
<status status="PASS" starttime="20210204 09:57:02.759" endtime="20210204 09:57:02.779"></status>
</kw>
<kw name="Input Text" library="SeleniumLibrary">
<doc>Types the given ``text`` into the text field identified by ``locator``.</doc>
<arguments>
<arg>//*[@id=${element_id}]</arg>
<arg>${value}</arg>
</arguments>
<msg timestamp="20210204 09:57:02.780" level="INFO">Typing text '2021/01/16' into text field '//*[@id='loadingTimeStamp']'.</msg>
<status status="PASS" starttime="20210204 09:57:02.779" endtime="20210204 09:57:02.909"></status>
</kw>
<status status="PASS" starttime="20210204 09:57:02.758" endtime="20210204 09:57:02.909"></status>
</kw>
<kw name="MG_Input" library="ui">
<arguments>
<arg>'arrivalTimeStamp'</arg>
<arg>${arrivalTimeStamp}</arg>
</arguments>
<kw name="Wait Until Element Is Visible" library="SeleniumLibrary">
<doc>Waits until the element ``locator`` is visible.</doc>
<arguments>
<arg>//*[@id=${element_id}]</arg>
</arguments>
<status status="PASS" starttime="20210204 09:57:02.910" endtime="20210204 09:57:02.949"></status>
</kw>
<kw name="Input Text" library="SeleniumLibrary">
<doc>Types the given ``text`` into the text field identified by ``locator``.</doc>
<arguments>
<arg>//*[@id=${element_id}]</arg>
<arg>${value}</arg>
</arguments>
<msg timestamp="20210204 09:57:02.950" level="INFO">Typing text '2021/01/19' into text field '//*[@id='arrivalTimeStamp']'.</msg>
<status status="PASS" starttime="20210204 09:57:02.949" endtime="20210204 09:57:03.172"></status>
</kw>
<status status="PASS" starttime="20210204 09:57:02.910" endtime="20210204 09:57:03.173"></status>
</kw>
<kw name="MG_Input" library="ui">
<arguments>
<arg>'dischargeTimeStamp'</arg>
<arg>${dischargeTimeStamp}</arg>
</arguments>
<kw name="Wait Until Element Is Visible" library="SeleniumLibrary">
<doc>Waits until the element ``locator`` is visible.</doc>
<arguments>
<arg>//*[@id=${element_id}]</arg>
</arguments>
<status status="PASS" starttime="20210204 09:57:03.173" endtime="20210204 09:57:03.215"></status>
</kw>
<kw name="Input Text" library="SeleniumLibrary">
<doc>Types the given ``text`` into the text field identified by ``locator``.</doc>
<arguments>
<arg>//*[@id=${element_id}]</arg>
<arg>${value}</arg>
</arguments>
<msg timestamp="20210204 09:57:03.216" level="INFO">Typing text '2021/01/25' into text field '//*[@id='dischargeTimeStamp']'.</msg>
<status status="PASS" starttime="20210204 09:57:03.215" endtime="20210204 09:57:03.395"></status>
</kw>
<status status="PASS" starttime="20210204 09:57:03.173" endtime="20210204 09:57:03.395"></status>
</kw>
<kw name="Sleep" library="BuiltIn">
<doc>Pauses the test executed for the given time.</doc>
<arguments>
<arg>2 seconds</arg>
</arguments>
<msg timestamp="20210204 09:57:05.396" level="INFO">Slept 2 seconds</msg>
<status status="PASS" starttime="20210204 09:57:03.396" endtime="20210204 09:57:05.397"></status>
</kw>
<kw name="MG_button" library="ui">
<arguments>
<arg>'add'</arg>
</arguments>
<kw name="Wait Until Element Is Visible" library="SeleniumLibrary">
<doc>Waits until the element ``locator`` is visible.</doc>
<arguments>
<arg>//*[@id=${element_id}]</arg>
</arguments>
<status status="PASS" starttime="20210204 09:57:05.399" endtime="20210204 09:57:05.441"></status>
</kw>
<kw name="Click Element" library="SeleniumLibrary">
<doc>Click the element identified by ``locator``.</doc>
<arguments>
<arg>//*[@id=${element_id}]</arg>
</arguments>
<msg timestamp="20210204 09:57:05.442" level="INFO">Clicking element '//*[@id='add']'.</msg>
<status status="PASS" starttime="20210204 09:57:05.441" endtime="20210204 09:57:05.706"></status>
</kw>
<status status="PASS" starttime="20210204 09:57:05.397" endtime="20210204 09:57:05.707"></status>
</kw>
<kw name="MG_button" library="ui">
<arguments>
<arg>'AddTenderClamItem'</arg>
</arguments>
<kw name="Wait Until Element Is Visible" library="SeleniumLibrary">
<doc>Waits until the element ``locator`` is visible.</doc>
<arguments>
<arg>//*[@id=${element_id}]</arg>
</arguments>
<status status="PASS" starttime="20210204 09:57:05.709" endtime="20210204 09:57:06.181"></status>
</kw>
<kw name="Click Element" library="SeleniumLibrary">
<doc>Click the element identified by ``locator``.</doc>
<arguments>
<arg>//*[@id=${element_id}]</arg>
</arguments>
<msg timestamp="20210204 09:57:06.182" level="INFO">Clicking element '//*[@id='AddTenderClamItem']'.</msg>
<status status="PASS" starttime="20210204 09:57:06.181" endtime="20210204 09:57:06.460"></status>
</kw>
<status status="PASS" starttime="20210204 09:57:05.707" endtime="20210204 09:57:06.460"></status>
</kw>
<kw name="Sleep" library="BuiltIn">
<doc>Pauses the test executed for the given time.</doc>
<arguments>
<arg>2 seconds</arg>
</arguments>
<msg timestamp="20210204 09:57:08.461" level="INFO">Slept 2 seconds</msg>
<status status="PASS" starttime="20210204 09:57:06.460" endtime="20210204 09:57:08.461"></status>
</kw>
<kw name="Page Should Contain" library="SeleniumLibrary">
<doc>Verifies that current page contains ``text``.</doc>
<arguments>
<arg>تمت عملية اضافة المستند بنجاح</arg>
</arguments>
<kw name="Capture Page Screenshot" library="SeleniumLibrary">
<doc>Takes a screenshot of the current page and embeds it into a log file.</doc>
<msg timestamp="20210204 09:57:08.786" level="INFO" html="yes">&lt;/td&gt;&lt;/tr&gt;&lt;tr&gt;&lt;td colspan="3"&gt;&lt;a href="selenium-screenshot-3.png"&gt;&lt;img src="selenium-screenshot-3.png" width="800px"&gt;&lt;/a&gt;</msg>
<status status="PASS" starttime="20210204 09:57:08.583" endtime="20210204 09:57:08.786"></status>
</kw>
<msg timestamp="20210204 09:57:08.788" level="FAIL">Page should have contained text 'تمت عملية اضافة المستند بنجاح' but did not.</msg>
<status status="FAIL" starttime="20210204 09:57:08.462" endtime="20210204 09:57:08.788"></status>
</kw>
<status status="FAIL" starttime="20210204 09:56:57.318" endtime="20210204 09:57:08.789"></status>
</kw>
<status status="FAIL" starttime="20210204 09:56:57.306" endtime="20210204 09:57:08.790" critical="yes">Page should have contained text 'تمت عملية اضافة المستند بنجاح' but did not.</status>
</test>
<test id="s1-t3" name="Create Items2">
<kw name="Set Variable" library="BuiltIn">
<doc>Returns the given values which can then be assigned to a variables.</doc>
<arguments>
<arg>2120004505</arg>
</arguments>
<assign>
<var>${WN}</var>
</assign>
<msg timestamp="20210204 09:57:08.794" level="INFO">${WN} = 2120004505</msg>
<status status="PASS" starttime="20210204 09:57:08.793" endtime="20210204 09:57:08.794"></status>
</kw>
<kw name="Call Method" library="BuiltIn">
<doc>Calls the named method of the given object with the provided arguments.</doc>
<arguments>
<arg>${CreateItems}</arg>
<arg>getTenderId</arg>
</arguments>
<assign>
<var>${tenderId}</var>
</assign>
<msg timestamp="20210204 09:57:08.795" level="INFO">${tenderId} = "13"</msg>
<status status="PASS" starttime="20210204 09:57:08.794" endtime="20210204 09:57:08.795"></status>
</kw>
<kw name="Call Method" library="BuiltIn">
<doc>Calls the named method of the given object with the provided arguments.</doc>
<arguments>
<arg>${CreateItems}</arg>
<arg>getPaymentAgentId</arg>
</arguments>
<assign>
<var>${paymentAgentId}</var>
</assign>
<msg timestamp="20210204 09:57:08.796" level="INFO">${paymentAgentId} = '37'</msg>
<status status="PASS" starttime="20210204 09:57:08.795" endtime="20210204 09:57:08.796"></status>
</kw>
<kw name="Call Method" library="BuiltIn">
<doc>Calls the named method of the given object with the provided arguments.</doc>
<arguments>
<arg>${CreateItems}</arg>
<arg>getDestination</arg>
</arguments>
<assign>
<var>${destination}</var>
</assign>
<msg timestamp="20210204 09:57:08.796" level="INFO">${destination} = 91010025</msg>
<status status="PASS" starttime="20210204 09:57:08.796" endtime="20210204 09:57:08.796"></status>
</kw>
<kw name="Call Method" library="BuiltIn">
<doc>Calls the named method of the given object with the provided arguments.</doc>
<arguments>
<arg>${CreateItems}</arg>
<arg>getLoadingWeight</arg>
</arguments>
<assign>
<var>${loadingWeight}</var>
</assign>
<msg timestamp="20210204 09:57:08.797" level="INFO">${loadingWeight} = 52307</msg>
<status status="PASS" starttime="20210204 09:57:08.796" endtime="20210204 09:57:08.797"></status>
</kw>
<kw name="Call Method" library="BuiltIn">
<doc>Calls the named method of the given object with the provided arguments.</doc>
<arguments>
<arg>${CreateItems}</arg>
<arg>getDischargeWeight</arg>
</arguments>
<assign>
<var>${dischargeWeight}</var>
</assign>
<msg timestamp="20210204 09:57:08.797" level="INFO">${dischargeWeight} = 56477</msg>
<status status="PASS" starttime="20210204 09:57:08.797" endtime="20210204 09:57:08.797"></status>
</kw>
<kw name="Call Method" library="BuiltIn">
<doc>Calls the named method of the given object with the provided arguments.</doc>
<arguments>
<arg>${CreateItems}</arg>
<arg>getLoadingTimeStamp</arg>
</arguments>
<assign>
<var>${loadingTimeStamp}</var>
</assign>
<msg timestamp="20210204 09:57:08.798" level="INFO">${loadingTimeStamp} = 2021/02/02</msg>
<status status="PASS" starttime="20210204 09:57:08.797" endtime="20210204 09:57:08.798"></status>
</kw>
<kw name="Call Method" library="BuiltIn">
<doc>Calls the named method of the given object with the provided arguments.</doc>
<arguments>
<arg>${CreateItems}</arg>
<arg>getArrivalTimeStamp</arg>
</arguments>
<assign>
<var>${arrivalTimeStamp}</var>
</assign>
<msg timestamp="20210204 09:57:08.798" level="INFO">${arrivalTimeStamp} = 2021/01/07</msg>
<status status="PASS" starttime="20210204 09:57:08.798" endtime="20210204 09:57:08.798"></status>
</kw>
<kw name="Call Method" library="BuiltIn">
<doc>Calls the named method of the given object with the provided arguments.</doc>
<arguments>
<arg>${CreateItems}</arg>
<arg>getDischargeTimeStamp</arg>
</arguments>
<assign>
<var>${dischargeTimeStamp}</var>
</assign>
<msg timestamp="20210204 09:57:08.799" level="INFO">${dischargeTimeStamp} = 2021/01/02</msg>
<status status="PASS" starttime="20210204 09:57:08.799" endtime="20210204 09:57:08.799"></status>
</kw>
<kw name="Call Method" library="BuiltIn">
<doc>Calls the named method of the given object with the provided arguments.</doc>
<arguments>
<arg>${CreateItems}</arg>
<arg>getAddButton</arg>
</arguments>
<assign>
<var>${AddButton}</var>
</assign>
<msg timestamp="20210204 09:57:08.800" level="INFO">${AddButton} = 'add'</msg>
<status status="PASS" starttime="20210204 09:57:08.799" endtime="20210204 09:57:08.800"></status>
</kw>
<kw name="Call Method" library="BuiltIn">
<doc>Calls the named method of the given object with the provided arguments.</doc>
<arguments>
<arg>${CreateItems}</arg>
<arg>getpolicyNumber</arg>
</arguments>
<assign>
<var>${policyNumber}</var>
</assign>
<msg timestamp="20210204 09:57:08.800" level="INFO">${policyNumber} = 123456798</msg>
<status status="PASS" starttime="20210204 09:57:08.800" endtime="20210204 09:57:08.800"></status>
</kw>
<kw name="Call Method" library="BuiltIn">
<doc>Calls the named method of the given object with the provided arguments.</doc>
<arguments>
<arg>${CreateItems}</arg>
<arg>getTenderOrigin</arg>
</arguments>
<assign>
<var>${tenderOrigin}</var>
</assign>
<msg timestamp="20210204 09:57:08.801" level="INFO">${tenderOrigin} = '91090000'</msg>
<status status="PASS" starttime="20210204 09:57:08.801" endtime="20210204 09:57:08.801"></status>
</kw>
<kw name="Create Items" library="createItems">
<arguments>
<arg>${tenderId}</arg>
<arg>${paymentAgentId}</arg>
<arg>${destination}</arg>
<arg>${WN}</arg>
<arg>${policyNumber}</arg>
<arg>${loadingWeight}</arg>
<arg>${dischargeWeight}</arg>
<arg>${loadingTimeStamp}</arg>
<arg>${arrivalTimeStamp}</arg>
<arg>${dischargeTimeStamp}</arg>
<arg>${tenderOrigin}</arg>
</arguments>
<kw name="MG_Select" library="ui">
<arguments>
<arg>'tenderId'</arg>
<arg>${tenderId}</arg>
</arguments>
<kw name="Wait Until Element Is Visible" library="SeleniumLibrary">
<doc>Waits until the element ``locator`` is visible.</doc>
<arguments>
<arg>//*[@id=${element_id}]</arg>
</arguments>
<status status="PASS" starttime="20210204 09:57:08.803" endtime="20210204 09:57:08.831"></status>
</kw>
<kw name="Click Element" library="SeleniumLibrary">
<doc>Click the element identified by ``locator``.</doc>
<arguments>
<arg>//*[@id=${element_id}]</arg>
</arguments>
<msg timestamp="20210204 09:57:08.832" level="INFO">Clicking element '//*[@id='tenderId']'.</msg>
<status status="PASS" starttime="20210204 09:57:08.832" endtime="20210204 09:57:09.066"></status>
</kw>
<kw name="Mouse Down" library="SeleniumLibrary">
<doc>Simulates pressing the left mouse button on the element ``locator``.</doc>
<arguments>
<arg>//*[@id=${element_id}]/option[@value=${option_value}]</arg>
</arguments>
<msg timestamp="20210204 09:57:09.068" level="INFO">Simulating Mouse Down on element '//*[@id='tenderId']/option[@value="13"]'.</msg>
<status status="PASS" starttime="20210204 09:57:09.066" endtime="20210204 09:57:09.383"></status>
</kw>
<kw name="Click Element" library="SeleniumLibrary">
<doc>Click the element identified by ``locator``.</doc>
<arguments>
<arg>//*[@id=${element_id}]/option[@value=${option_value}]</arg>
</arguments>
<msg timestamp="20210204 09:57:09.384" level="INFO">Clicking element '//*[@id='tenderId']/option[@value="13"]'.</msg>
<status status="PASS" starttime="20210204 09:57:09.383" endtime="20210204 09:57:09.637"></status>
</kw>
<status status="PASS" starttime="20210204 09:57:08.802" endtime="20210204 09:57:09.637"></status>
</kw>
<kw name="MG_Input" library="ui">
<arguments>
<arg>'WN'</arg>
<arg>${WN}</arg>
</arguments>
<kw name="Wait Until Element Is Visible" library="SeleniumLibrary">
<doc>Waits until the element ``locator`` is visible.</doc>
<arguments>
<arg>//*[@id=${element_id}]</arg>
</arguments>
<status status="PASS" starttime="20210204 09:57:09.640" endtime="20210204 09:57:09.700"></status>
</kw>
<kw name="Input Text" library="SeleniumLibrary">
<doc>Types the given ``text`` into the text field identified by ``locator``.</doc>
<arguments>
<arg>//*[@id=${element_id}]</arg>
<arg>${value}</arg>
</arguments>
<msg timestamp="20210204 09:57:09.701" level="INFO">Typing text '2120004505' into text field '//*[@id='WN']'.</msg>
<status status="PASS" starttime="20210204 09:57:09.700" endtime="20210204 09:57:09.895"></status>
</kw>
<status status="PASS" starttime="20210204 09:57:09.638" endtime="20210204 09:57:09.896"></status>
</kw>
<kw name="Press Keys" library="SeleniumLibrary">
<doc>Simulates the user pressing key(s) to an element or on the active browser.</doc>
<arguments>
<arg>//*[@id="WN"]</arg>
<arg>ENTER</arg>
</arguments>
<msg timestamp="20210204 09:57:09.896" level="INFO">Sending key(s) ('ENTER',) to //*[@id="WN"] element.</msg>
<msg timestamp="20210204 09:57:10.177" level="INFO">Pressing special key ENTER to element.</msg>
<msg timestamp="20210204 09:57:10.177" level="INFO">Releasing special key ENTER.</msg>
<status status="PASS" starttime="20210204 09:57:09.896" endtime="20210204 09:57:10.215"></status>
</kw>
<kw name="Sleep" library="BuiltIn">
<doc>Pauses the test executed for the given time.</doc>
<arguments>
<arg>1 seconds</arg>
</arguments>
<msg timestamp="20210204 09:57:11.216" level="INFO">Slept 1 second</msg>
<status status="PASS" starttime="20210204 09:57:10.216" endtime="20210204 09:57:11.217"></status>
</kw>
<kw name="MG_Select" library="ui">
<arguments>
<arg>'paymentAgentId'</arg>
<arg>${paymentAgentId}</arg>
</arguments>
<kw name="Wait Until Element Is Visible" library="SeleniumLibrary">
<doc>Waits until the element ``locator`` is visible.</doc>
<arguments>
<arg>//*[@id=${element_id}]</arg>
</arguments>
<status status="PASS" starttime="20210204 09:57:11.219" endtime="20210204 09:57:11.280"></status>
</kw>
<kw name="Click Element" library="SeleniumLibrary">
<doc>Click the element identified by ``locator``.</doc>
<arguments>
<arg>//*[@id=${element_id}]</arg>
</arguments>
<msg timestamp="20210204 09:57:11.280" level="INFO">Clicking element '//*[@id='paymentAgentId']'.</msg>
<status status="PASS" starttime="20210204 09:57:11.280" endtime="20210204 09:57:11.518"></status>
</kw>
<kw name="Mouse Down" library="SeleniumLibrary">
<doc>Simulates pressing the left mouse button on the element ``locator``.</doc>
<arguments>
<arg>//*[@id=${element_id}]/option[@value=${option_value}]</arg>
</arguments>
<msg timestamp="20210204 09:57:11.520" level="INFO">Simulating Mouse Down on element '//*[@id='paymentAgentId']/option[@value='37']'.</msg>
<status status="PASS" starttime="20210204 09:57:11.518" endtime="20210204 09:57:11.835"></status>
</kw>
<kw name="Click Element" library="SeleniumLibrary">
<doc>Click the element identified by ``locator``.</doc>
<arguments>
<arg>//*[@id=${element_id}]/option[@value=${option_value}]</arg>
</arguments>
<msg timestamp="20210204 09:57:11.836" level="INFO">Clicking element '//*[@id='paymentAgentId']/option[@value='37']'.</msg>
<status status="PASS" starttime="20210204 09:57:11.835" endtime="20210204 09:57:12.123"></status>
</kw>
<status status="PASS" starttime="20210204 09:57:11.217" endtime="20210204 09:57:12.123"></status>
</kw>
<kw name="MG_Select" library="ui">
<arguments>
<arg>'tenderOrigin'</arg>
<arg>${tenderOrigin}</arg>
</arguments>
<kw name="Wait Until Element Is Visible" library="SeleniumLibrary">
<doc>Waits until the element ``locator`` is visible.</doc>
<arguments>
<arg>//*[@id=${element_id}]</arg>
</arguments>
<status status="PASS" starttime="20210204 09:57:12.124" endtime="20210204 09:57:12.180"></status>
</kw>
<kw name="Click Element" library="SeleniumLibrary">
<doc>Click the element identified by ``locator``.</doc>
<arguments>
<arg>//*[@id=${element_id}]</arg>
</arguments>
<msg timestamp="20210204 09:57:12.181" level="INFO">Clicking element '//*[@id='tenderOrigin']'.</msg>
<status status="PASS" starttime="20210204 09:57:12.180" endtime="20210204 09:57:12.442"></status>
</kw>
<kw name="Mouse Down" library="SeleniumLibrary">
<doc>Simulates pressing the left mouse button on the element ``locator``.</doc>
<arguments>
<arg>//*[@id=${element_id}]/option[@value=${option_value}]</arg>
</arguments>
<msg timestamp="20210204 09:57:12.443" level="INFO">Simulating Mouse Down on element '//*[@id='tenderOrigin']/option[@value='91090000']'.</msg>
<status status="PASS" starttime="20210204 09:57:12.442" endtime="20210204 09:57:12.714"></status>
</kw>
<kw name="Click Element" library="SeleniumLibrary">
<doc>Click the element identified by ``locator``.</doc>
<arguments>
<arg>//*[@id=${element_id}]/option[@value=${option_value}]</arg>
</arguments>
<msg timestamp="20210204 09:57:12.715" level="INFO">Clicking element '//*[@id='tenderOrigin']/option[@value='91090000']'.</msg>
<status status="PASS" starttime="20210204 09:57:12.714" endtime="20210204 09:57:12.976"></status>
</kw>
<status status="PASS" starttime="20210204 09:57:12.124" endtime="20210204 09:57:12.976"></status>
</kw>
<kw name="MG_Select" library="ui">
<arguments>
<arg>'destination'</arg>
<arg>${destination}</arg>
</arguments>
<kw name="Wait Until Element Is Visible" library="SeleniumLibrary">
<doc>Waits until the element ``locator`` is visible.</doc>
<arguments>
<arg>//*[@id=${element_id}]</arg>
</arguments>
<status status="PASS" starttime="20210204 09:57:12.978" endtime="20210204 09:57:13.036"></status>
</kw>
<kw name="Click Element" library="SeleniumLibrary">
<doc>Click the element identified by ``locator``.</doc>
<arguments>
<arg>//*[@id=${element_id}]</arg>
</arguments>
<msg timestamp="20210204 09:57:13.037" level="INFO">Clicking element '//*[@id='destination']'.</msg>
<status status="PASS" starttime="20210204 09:57:13.036" endtime="20210204 09:57:13.279"></status>
</kw>
<kw name="Mouse Down" library="SeleniumLibrary">
<doc>Simulates pressing the left mouse button on the element ``locator``.</doc>
<arguments>
<arg>//*[@id=${element_id}]/option[@value=${option_value}]</arg>
</arguments>
<msg timestamp="20210204 09:57:13.281" level="INFO">Simulating Mouse Down on element '//*[@id='destination']/option[@value=91010025]'.</msg>
<status status="PASS" starttime="20210204 09:57:13.280" endtime="20210204 09:57:13.572"></status>
</kw>
<kw name="Click Element" library="SeleniumLibrary">
<doc>Click the element identified by ``locator``.</doc>
<arguments>
<arg>//*[@id=${element_id}]/option[@value=${option_value}]</arg>
</arguments>
<msg timestamp="20210204 09:57:13.573" level="INFO">Clicking element '//*[@id='destination']/option[@value=91010025]'.</msg>
<status status="PASS" starttime="20210204 09:57:13.572" endtime="20210204 09:57:13.849"></status>
</kw>
<status status="PASS" starttime="20210204 09:57:12.977" endtime="20210204 09:57:13.849"></status>
</kw>
<kw name="Log To Console" library="BuiltIn">
<doc>Logs the given message to the console.</doc>
<arguments>
<arg>${destination}</arg>
</arguments>
<status status="PASS" starttime="20210204 09:57:13.850" endtime="20210204 09:57:13.851"></status>
</kw>
<kw name="MG_Input" library="ui">
<arguments>
<arg>'policyNumber'</arg>
<arg>${policyNumber}</arg>
</arguments>
<kw name="Wait Until Element Is Visible" library="SeleniumLibrary">
<doc>Waits until the element ``locator`` is visible.</doc>
<arguments>
<arg>//*[@id=${element_id}]</arg>
</arguments>
<status status="PASS" starttime="20210204 09:57:13.853" endtime="20210204 09:57:13.897"></status>
</kw>
<kw name="Input Text" library="SeleniumLibrary">
<doc>Types the given ``text`` into the text field identified by ``locator``.</doc>
<arguments>
<arg>//*[@id=${element_id}]</arg>
<arg>${value}</arg>
</arguments>
<msg timestamp="20210204 09:57:13.898" level="INFO">Typing text '123456798' into text field '//*[@id='policyNumber']'.</msg>
<status status="PASS" starttime="20210204 09:57:13.897" endtime="20210204 09:57:14.075"></status>
</kw>
<status status="PASS" starttime="20210204 09:57:13.851" endtime="20210204 09:57:14.075"></status>
</kw>
<kw name="MG_Input" library="ui">
<arguments>
<arg>'loadingWeight'</arg>
<arg>${loadingWeight}</arg>
</arguments>
<kw name="Wait Until Element Is Visible" library="SeleniumLibrary">
<doc>Waits until the element ``locator`` is visible.</doc>
<arguments>
<arg>//*[@id=${element_id}]</arg>
</arguments>
<status status="PASS" starttime="20210204 09:57:14.076" endtime="20210204 09:57:14.096"></status>
</kw>
<kw name="Input Text" library="SeleniumLibrary">
<doc>Types the given ``text`` into the text field identified by ``locator``.</doc>
<arguments>
<arg>//*[@id=${element_id}]</arg>
<arg>${value}</arg>
</arguments>
<msg timestamp="20210204 09:57:14.097" level="INFO">Typing text '52307' into text field '//*[@id='loadingWeight']'.</msg>
<status status="PASS" starttime="20210204 09:57:14.096" endtime="20210204 09:57:14.183"></status>
</kw>
<status status="PASS" starttime="20210204 09:57:14.075" endtime="20210204 09:57:14.183"></status>
</kw>
<kw name="MG_Input" library="ui">
<arguments>
<arg>'dischargeWeight'</arg>
<arg>${dischargeWeight}</arg>
</arguments>
<kw name="Wait Until Element Is Visible" library="SeleniumLibrary">
<doc>Waits until the element ``locator`` is visible.</doc>
<arguments>
<arg>//*[@id=${element_id}]</arg>
</arguments>
<status status="PASS" starttime="20210204 09:57:14.183" endtime="20210204 09:57:14.204"></status>
</kw>
<kw name="Input Text" library="SeleniumLibrary">
<doc>Types the given ``text`` into the text field identified by ``locator``.</doc>
<arguments>
<arg>//*[@id=${element_id}]</arg>
<arg>${value}</arg>
</arguments>
<msg timestamp="20210204 09:57:14.204" level="INFO">Typing text '56477' into text field '//*[@id='dischargeWeight']'.</msg>
<status status="PASS" starttime="20210204 09:57:14.204" endtime="20210204 09:57:14.286"></status>
</kw>
<status status="PASS" starttime="20210204 09:57:14.183" endtime="20210204 09:57:14.286"></status>
</kw>
<kw name="MG_Input" library="ui">
<arguments>
<arg>'loadingTimeStamp'</arg>
<arg>${loadingTimeStamp}</arg>
</arguments>
<kw name="Wait Until Element Is Visible" library="SeleniumLibrary">
<doc>Waits until the element ``locator`` is visible.</doc>
<arguments>
<arg>//*[@id=${element_id}]</arg>
</arguments>
<status status="PASS" starttime="20210204 09:57:14.287" endtime="20210204 09:57:14.307"></status>
</kw>
<kw name="Input Text" library="SeleniumLibrary">
<doc>Types the given ``text`` into the text field identified by ``locator``.</doc>
<arguments>
<arg>//*[@id=${element_id}]</arg>
<arg>${value}</arg>
</arguments>
<msg timestamp="20210204 09:57:14.308" level="INFO">Typing text '2021/02/02' into text field '//*[@id='loadingTimeStamp']'.</msg>
<status status="PASS" starttime="20210204 09:57:14.308" endtime="20210204 09:57:14.428"></status>
</kw>
<status status="PASS" starttime="20210204 09:57:14.286" endtime="20210204 09:57:14.428"></status>
</kw>
<kw name="MG_Input" library="ui">
<arguments>
<arg>'arrivalTimeStamp'</arg>
<arg>${arrivalTimeStamp}</arg>
</arguments>
<kw name="Wait Until Element Is Visible" library="SeleniumLibrary">
<doc>Waits until the element ``locator`` is visible.</doc>
<arguments>
<arg>//*[@id=${element_id}]</arg>
</arguments>
<status status="PASS" starttime="20210204 09:57:14.429" endtime="20210204 09:57:14.449"></status>
</kw>
<kw name="Input Text" library="SeleniumLibrary">
<doc>Types the given ``text`` into the text field identified by ``locator``.</doc>
<arguments>
<arg>//*[@id=${element_id}]</arg>
<arg>${value}</arg>
</arguments>
<msg timestamp="20210204 09:57:14.449" level="INFO">Typing text '2021/01/07' into text field '//*[@id='arrivalTimeStamp']'.</msg>
<status status="PASS" starttime="20210204 09:57:14.449" endtime="20210204 09:57:14.576"></status>
</kw>
<status status="PASS" starttime="20210204 09:57:14.428" endtime="20210204 09:57:14.576"></status>
</kw>
<kw name="MG_Input" library="ui">
<arguments>
<arg>'dischargeTimeStamp'</arg>
<arg>${dischargeTimeStamp}</arg>
</arguments>
<kw name="Wait Until Element Is Visible" library="SeleniumLibrary">
<doc>Waits until the element ``locator`` is visible.</doc>
<arguments>
<arg>//*[@id=${element_id}]</arg>
</arguments>
<status status="PASS" starttime="20210204 09:57:14.577" endtime="20210204 09:57:14.599"></status>
</kw>
<kw name="Input Text" library="SeleniumLibrary">
<doc>Types the given ``text`` into the text field identified by ``locator``.</doc>
<arguments>
<arg>//*[@id=${element_id}]</arg>
<arg>${value}</arg>
</arguments>
<msg timestamp="20210204 09:57:14.599" level="INFO">Typing text '2021/01/02' into text field '//*[@id='dischargeTimeStamp']'.</msg>
<status status="PASS" starttime="20210204 09:57:14.599" endtime="20210204 09:57:14.720"></status>
</kw>
<status status="PASS" starttime="20210204 09:57:14.576" endtime="20210204 09:57:14.720"></status>
</kw>
<kw name="Sleep" library="BuiltIn">
<doc>Pauses the test executed for the given time.</doc>
<arguments>
<arg>2 seconds</arg>
</arguments>
<msg timestamp="20210204 09:57:16.721" level="INFO">Slept 2 seconds</msg>
<status status="PASS" starttime="20210204 09:57:14.720" endtime="20210204 09:57:16.722"></status>
</kw>
<kw name="MG_button" library="ui">
<arguments>
<arg>'add'</arg>
</arguments>
<kw name="Wait Until Element Is Visible" library="SeleniumLibrary">
<doc>Waits until the element ``locator`` is visible.</doc>
<arguments>
<arg>//*[@id=${element_id}]</arg>
</arguments>
<status status="PASS" starttime="20210204 09:57:16.724" endtime="20210204 09:57:16.760"></status>
</kw>
<kw name="Click Element" library="SeleniumLibrary">
<doc>Click the element identified by ``locator``.</doc>
<arguments>
<arg>//*[@id=${element_id}]</arg>
</arguments>
<msg timestamp="20210204 09:57:16.761" level="INFO">Clicking element '//*[@id='add']'.</msg>
<status status="PASS" starttime="20210204 09:57:16.760" endtime="20210204 09:57:17.012"></status>
</kw>
<status status="PASS" starttime="20210204 09:57:16.722" endtime="20210204 09:57:17.013"></status>
</kw>
<kw name="MG_button" library="ui">
<arguments>
<arg>'AddTenderClamItem'</arg>
</arguments>
<kw name="Wait Until Element Is Visible" library="SeleniumLibrary">
<doc>Waits until the element ``locator`` is visible.</doc>
<arguments>
<arg>//*[@id=${element_id}]</arg>
</arguments>
<status status="PASS" starttime="20210204 09:57:17.015" endtime="20210204 09:57:17.255"></status>
</kw>
<kw name="Click Element" library="SeleniumLibrary">
<doc>Click the element identified by ``locator``.</doc>
<arguments>
<arg>//*[@id=${element_id}]</arg>
</arguments>
<msg timestamp="20210204 09:57:17.256" level="INFO">Clicking element '//*[@id='AddTenderClamItem']'.</msg>
<status status="PASS" starttime="20210204 09:57:17.255" endtime="20210204 09:57:17.515"></status>
</kw>
<status status="PASS" starttime="20210204 09:57:17.013" endtime="20210204 09:57:17.515"></status>
</kw>
<kw name="Sleep" library="BuiltIn">
<doc>Pauses the test executed for the given time.</doc>
<arguments>
<arg>2 seconds</arg>
</arguments>
<msg timestamp="20210204 09:57:19.516" level="INFO">Slept 2 seconds</msg>
<status status="PASS" starttime="20210204 09:57:17.515" endtime="20210204 09:57:19.516"></status>
</kw>
<kw name="Page Should Contain" library="SeleniumLibrary">
<doc>Verifies that current page contains ``text``.</doc>
<arguments>
<arg>تمت عملية اضافة المستند بنجاح</arg>
</arguments>
<msg timestamp="20210204 09:57:19.571" level="INFO">Current page contains text 'تمت عملية اضافة المستند بنجاح'.</msg>
<status status="PASS" starttime="20210204 09:57:19.517" endtime="20210204 09:57:19.571"></status>
</kw>
<kw name="Sleep" library="BuiltIn">
<doc>Pauses the test executed for the given time.</doc>
<arguments>
<arg>2 seconds</arg>
</arguments>
<msg timestamp="20210204 09:57:21.572" level="INFO">Slept 2 seconds</msg>
<status status="PASS" starttime="20210204 09:57:19.571" endtime="20210204 09:57:21.572"></status>
</kw>
<status status="PASS" starttime="20210204 09:57:08.801" endtime="20210204 09:57:21.574"></status>
</kw>
<status status="PASS" starttime="20210204 09:57:08.791" endtime="20210204 09:57:21.575" critical="yes"></status>
</test>
<status status="FAIL" starttime="20210204 09:56:23.774" endtime="20210204 09:57:21.579"></status>
</suite>
<statistics>
<total>
<stat pass="2" fail="1">Critical Tests</stat>
<stat pass="2" fail="1">All Tests</stat>
</total>
<tag>
</tag>
<suite>
<stat pass="2" fail="1" id="s1" name="Myfile">Myfile</stat>
</suite>
</statistics>
<errors>
</errors>
</robot>
